actionid: tox
msg: packaging
cmdargs: ['/usr/bin/python3', local('/medic/github/housing-prices-final/setup.py'), 'sdist', '--formats=zip', '--dist-dir', local('/medic/github/housing-prices-final/.tox/dist')]

warning: pypandoc module not found, could not convert Markdown to RST
running sdist
running egg_info
writing dependency_links to housing_prices.egg-info/dependency_links.txt
writing housing_prices.egg-info/PKG-INFO
writing top-level names to housing_prices.egg-info/top_level.txt
writing requirements to housing_prices.egg-info/requires.txt
reading manifest file 'housing_prices.egg-info/SOURCES.txt'
writing manifest file 'housing_prices.egg-info/SOURCES.txt'
running check
creating housing_prices-0.0.1
creating housing_prices-0.0.1/housing_prices
creating housing_prices-0.0.1/housing_prices.egg-info
copying files to housing_prices-0.0.1...
copying README.md -> housing_prices-0.0.1
copying setup.cfg -> housing_prices-0.0.1
copying setup.py -> housing_prices-0.0.1
copying housing_prices/__init__.py -> housing_prices-0.0.1/housing_prices
copying housing_prices/export_data.py -> housing_prices-0.0.1/housing_prices
copying housing_prices/import_data.py -> housing_prices-0.0.1/housing_prices
copying housing_prices/main.py -> housing_prices-0.0.1/housing_prices
copying housing_prices/model.py -> housing_prices-0.0.1/housing_prices
copying housing_prices/model_functions.py -> housing_prices-0.0.1/housing_prices
copying housing_prices/prep_features.py -> housing_prices-0.0.1/housing_prices
copying housing_prices/transforms.py -> housing_prices-0.0.1/housing_prices
copying housing_prices/utils.py -> housing_prices-0.0.1/housing_prices
copying housing_prices.egg-info/PKG-INFO -> housing_prices-0.0.1/housing_prices.egg-info
copying housing_prices.egg-info/SOURCES.txt -> housing_prices-0.0.1/housing_prices.egg-info
copying housing_prices.egg-info/dependency_links.txt -> housing_prices-0.0.1/housing_prices.egg-info
copying housing_prices.egg-info/requires.txt -> housing_prices-0.0.1/housing_prices.egg-info
copying housing_prices.egg-info/top_level.txt -> housing_prices-0.0.1/housing_prices.egg-info
Writing housing_prices-0.0.1/setup.cfg
creating '.tox/dist/housing_prices-0.0.1.zip' and adding 'housing_prices-0.0.1' to it
adding 'housing_prices-0.0.1/PKG-INFO'
adding 'housing_prices-0.0.1/README.md'
adding 'housing_prices-0.0.1/setup.cfg'
adding 'housing_prices-0.0.1/setup.py'
adding 'housing_prices-0.0.1/housing_prices/export_data.py'
adding 'housing_prices-0.0.1/housing_prices/import_data.py'
adding 'housing_prices-0.0.1/housing_prices/main.py'
adding 'housing_prices-0.0.1/housing_prices/model.py'
adding 'housing_prices-0.0.1/housing_prices/model_functions.py'
adding 'housing_prices-0.0.1/housing_prices/prep_features.py'
adding 'housing_prices-0.0.1/housing_prices/transforms.py'
adding 'housing_prices-0.0.1/housing_prices/utils.py'
adding 'housing_prices-0.0.1/housing_prices/__init__.py'
adding 'housing_prices-0.0.1/housing_prices.egg-info/dependency_links.txt'
adding 'housing_prices-0.0.1/housing_prices.egg-info/PKG-INFO'
adding 'housing_prices-0.0.1/housing_prices.egg-info/requires.txt'
adding 'housing_prices-0.0.1/housing_prices.egg-info/SOURCES.txt'
adding 'housing_prices-0.0.1/housing_prices.egg-info/top_level.txt'
removing 'housing_prices-0.0.1' (and everything under it)
